0 info it worked if it ends with ok
1 verbose cli [ 'C:\\Program Files\\nodejs\\node.exe',
1 verbose cli   'C:\\Users\\cwr.arun.manglick\\AppData\\Roaming\\npm\\node_modules\\npm\\bin\\npm-cli.js',
1 verbose cli   'start' ]
2 info using npm@4.1.2
3 info using node@v8.0.0
4 verbose run-script [ 'prestart', 'start', 'poststart' ]
5 info lifecycle helloapp@1.0.0~prestart: helloapp@1.0.0
6 silly lifecycle helloapp@1.0.0~prestart: no script for prestart, continuing
7 info lifecycle helloapp@1.0.0~start: helloapp@1.0.0
8 verbose lifecycle helloapp@1.0.0~start: unsafe-perm in lifecycle true
9 verbose lifecycle helloapp@1.0.0~start: PATH: C:\Users\cwr.arun.manglick\AppData\Roaming\npm\node_modules\npm\bin\node-gyp-bin;C:\Arun.Manglick\Arun.Manglick.APRJ\Arun.Manglick.Syne.Angular\02_Angular\Day 12\02_SiblingWithServices\node_modules\.bin;C:\ProgramData\Oracle\Java\javapath;C:\Program Files (x86)\RSA SecurID Token Common;C:\Program Files (x86)\Intel\iCLS Client\;C:\Program Files\Intel\iCLS Client\;C:\Windows\system32;C:\Windows;C:\Windows\System32\Wbem;C:\Windows\System32\WindowsPowerShell\v1.0\;C:\Program Files\Intel\Intel(R) Management Engine Components\DAL;C:\Program Files\Intel\Intel(R) Management Engine Components\IPT;C:\Program Files (x86)\Intel\Intel(R) Management Engine Components\DAL;C:\Program Files (x86)\Intel\Intel(R) Management Engine Components\IPT;C:\Program Files\Intel\WiFi\bin\;C:\Program Files\Common Files\Intel\WirelessCommon\;C:\Program Files (x86)\Common Files\Lenovo;C:\Program Files (x86)\Common Files\lenovo\easyplussdk\bin;C:\ProgramData\Lenovo\ReadyApps;C:\Program Files (x86)\Microsoft SQL Server\100\Tools\Binn\VSShell\Common7\IDE\;C:\Program Files (x86)\Microsoft SQL Server\100\Tools\Binn\;C:\Program Files\Microsoft SQL Server\100\Tools\Binn\;C:\Program Files (x86)\Microsoft Visual Studio 9.0\Common7\IDE\PrivateAssemblies\;C:\Program Files (x86)\Microsoft SQL Server\100\DTS\Binn\;C:\Program Files\Microsoft SQL Server\100\DTS\Binn\;C:\Program Files\Microsoft\Web Platform Installer\;C:\Program Files (x86)\Microsoft ASP.NET\ASP.NET Web Pages\v1.0\;C:\Program Files (x86)\Windows Kits\8.0\Windows Performance Toolkit\;C:\Program Files\Microsoft SQL Server\110\Tools\Binn\;C:\Windows\idmu\common;C:\Program Files\TortoiseSVN\bin;C:\Program Files\Amazon\AWSCLI\;C:\Program Files (x86)\scala\bin;C:\Program Files\Git\cmd;C:\Program Files\Microsoft SQL Server\Client SDK\ODBC\110\Tools\Binn\;C:\Program Files (x86)\Microsoft SQL Server\120\Tools\Binn\;C:\Program Files\Microsoft SQL Server\120\Tools\Binn\;C:\Program Files\Microsoft SQL Server\120\DTS\Binn\;C:\Program Files (x86)\Microsoft SQL Server\120\Tools\Binn\ManagementStudio\;C:\Program Files (x86)\Microsoft SQL Server\120\DTS\Binn\;C:\Program Files (x86)\Skype\Phone\;C:\Program Files (x86)\WinMerge;C:\Program Files\nodejs\;C:\Program Files (x86)\Brackets\command;C:\Program Files\Java\jdk1.8.0_102\bin;C:\activator-1.3.10-minimal\bin;C:\Program Files\Heroku\bin;C:\Program Files (x86)\Microsoft VS Code\bin;C:\Program Files\Docker Toolbox;C:\Users\cwr.arun.manglick\AppData\Roaming\npm
10 verbose lifecycle helloapp@1.0.0~start: CWD: C:\Arun.Manglick\Arun.Manglick.APRJ\Arun.Manglick.Syne.Angular\02_Angular\Day 12\02_SiblingWithServices
11 silly lifecycle helloapp@1.0.0~start: Args: [ '/d /s /c',
11 silly lifecycle   'webpack-dev-server --inline --progress --port 3000' ]
12 silly lifecycle helloapp@1.0.0~start: Returned: code: 3221225786  signal: null
13 info lifecycle helloapp@1.0.0~start: Failed to exec start script
14 verbose stack Error: helloapp@1.0.0 start: `webpack-dev-server --inline --progress --port 3000`
14 verbose stack Exit status 3221225786
14 verbose stack     at EventEmitter.<anonymous> (C:\Users\cwr.arun.manglick\AppData\Roaming\npm\node_modules\npm\lib\utils\lifecycle.js:279:16)
14 verbose stack     at emitTwo (events.js:125:13)
14 verbose stack     at EventEmitter.emit (events.js:213:7)
14 verbose stack     at ChildProcess.<anonymous> (C:\Users\cwr.arun.manglick\AppData\Roaming\npm\node_modules\npm\lib\utils\spawn.js:40:14)
14 verbose stack     at emitTwo (events.js:125:13)
14 verbose stack     at ChildProcess.emit (events.js:213:7)
14 verbose stack     at maybeClose (internal/child_process.js:887:16)
14 verbose stack     at Process.ChildProcess._handle.onexit (internal/child_process.js:208:5)
15 verbose pkgid helloapp@1.0.0
16 verbose cwd C:\Arun.Manglick\Arun.Manglick.APRJ\Arun.Manglick.Syne.Angular\02_Angular\Day 12\02_SiblingWithServices
17 error Windows_NT 6.1.7601
18 error argv "C:\\Program Files\\nodejs\\node.exe" "C:\\Users\\cwr.arun.manglick\\AppData\\Roaming\\npm\\node_modules\\npm\\bin\\npm-cli.js" "start"
19 error node v8.0.0
20 error npm  v4.1.2
21 error code ELIFECYCLE
22 error helloapp@1.0.0 start: `webpack-dev-server --inline --progress --port 3000`
22 error Exit status 3221225786
23 error Failed at the helloapp@1.0.0 start script 'webpack-dev-server --inline --progress --port 3000'.
23 error Make sure you have the latest version of node.js and npm installed.
23 error If you do, this is most likely a problem with the helloapp package,
23 error not with npm itself.
23 error Tell the author that this fails on your system:
23 error     webpack-dev-server --inline --progress --port 3000
23 error You can get information on how to open an issue for this project with:
23 error     npm bugs helloapp
23 error Or if that isn't available, you can get their info via:
23 error     npm owner ls helloapp
23 error There is likely additional logging output above.
24 verbose exit [ 1, true ]
